<?xml version="1.0" encoding="UTF-8"?>
<testsuite xmlns:xsi="http://www.w3.org/2001/XMLSchema-instance" xsi:noNamespaceSchemaLocation="https://maven.apache.org/surefire/maven-surefire-plugin/xsd/surefire-test-report.xsd" version="3.0.1" name="TestSuite" time="8.474" tests="7" errors="0" skipped="0" failures="0">
  <properties>
[...]
</properties>
  <testcase name="verifyCurrentUrl" classname="Tests.GoogleTest" time="0.025">
    <system-out><![CDATA[Execution Started
09:05:59 [main] INFO  Tests.GoogleTest - Browser Launched Successfully
Started : verifyCurrentUrl
URL : https://www.google.com/
Thread : 1
]]></system-out>
    <system-err><![CDATA[Jun 04, 2026 9:05:58 AM org.openqa.selenium.devtools.CdpVersionFinder findNearestMatch
WARNING: Unable to find CDP implementation matching 148
Jun 04, 2026 9:05:58 AM org.openqa.selenium.chromium.ChromiumDriver lambda$new$4
WARNING: Unable to find version of CDP to use for 148.0.7778.218. You may need to include a dependency on a specific version of the CDP using something similar to `org.seleniumhq.selenium:selenium-devtools-v86:4.33.0` where the version ("v86") matches the version of the chromium-based browser you're using and the version number of the artifact is the same as Selenium's.
]]></system-err>
  </testcase>
  <testcase name="verifyDataProvider[Selenium](1)" classname="Tests.GoogleTest" time="0.0">
    <system-out><![CDATA[Passed : verifyCurrentUrl
Started : verifyDataProvider
Data : Selenium
Thread : 1
]]></system-out>
  </testcase>
  <testcase name="verifyDataProvider[TestNG](2)" classname="Tests.GoogleTest" time="0.0">
    <system-out><![CDATA[Passed : verifyDataProvider
Started : verifyDataProvider
Data : TestNG
Thread : 1
]]></system-out>
  </testcase>
  <testcase name="verifyDataProvider[Maven](3)" classname="Tests.GoogleTest" time="0.002">
    <system-out><![CDATA[Passed : verifyDataProvider
Started : verifyDataProvider
Data : Maven
Thread : 1
]]></system-out>
  </testcase>
  <testcase name="verifyFailure" classname="Tests.GoogleTest" time="0.009">
    <system-out><![CDATA[Passed : verifyDataProvider
Started : verifyFailure
Thread : 1
]]></system-out>
  </testcase>
  <testcase name="verifyPageSource" classname="Tests.GoogleTest" time="0.0">
    <system-out><![CDATA[Passed : verifyFailure
Started : verifyPageSource
Page Source Retrieved
Thread : 1
]]></system-out>
  </testcase>
  <testcase name="verifyTitle" classname="Tests.GoogleTest" time="0.014">
    <system-out><![CDATA[Passed : verifyPageSource
Started : verifyTitle
09:06:02 [main] INFO  Tests.GoogleTest - Title : Google
Thread : 1
]]></system-out>
  </testcase>
</testsuite>