<?xml version="1.0" encoding="UTF-8"?>
<testng-results ignored="0" total="7" passed="7" failed="0" skipped="0">
  <reporter-output>
  </reporter-output>
  <suite started-at="2026-06-04T09:05:55 IST" name="AutomationSuite" finished-at="2026-06-04T09:06:02 IST" duration-ms="6800">
    <groups>
    </groups>
    <test started-at="2026-06-04T09:05:55 IST" name="Regression" finished-at="2026-06-04T09:06:02 IST" duration-ms="6800">
      <class name="Tests.GoogleTest">
        <test-method is-config="true" signature="setup()[pri:0, instance:Tests.GoogleTest@4795ded0]" started-at="2026-06-04T09:05:55 IST" name="setup" finished-at="2026-06-04T09:05:59 IST" duration-ms="4100" status="PASS">
          <reporter-output>
          </reporter-output>
        </test-method> <!-- setup -->
        <test-method signature="verifyCurrentUrl()[pri:0, instance:Tests.GoogleTest@4795ded0]" started-at="2026-06-04T09:05:59 IST" name="verifyCurrentUrl" finished-at="2026-06-04T09:05:59 IST" duration-ms="53" status="PASS">
          <reporter-output>
          </reporter-output>
        </test-method> <!-- verifyCurrentUrl -->
        <test-method signature="verifyDataProvider(java.lang.String)[pri:0, instance:Tests.GoogleTest@4795ded0]" started-at="2026-06-04T09:06:02 IST" name="verifyDataProvider" data-provider="googleData" finished-at="2026-06-04T09:06:02 IST" duration-ms="1" status="PASS">
          <params>
            <param index="0">
              <value>
                <![CDATA[Selenium]]>
              </value>
            </param>
          </params>
          <reporter-output>
          </reporter-output>
        </test-method> <!-- verifyDataProvider -->
        <test-method signature="verifyDataProvider(java.lang.String)[pri:0, instance:Tests.GoogleTest@4795ded0]" started-at="2026-06-04T09:06:02 IST" name="verifyDataProvider" data-provider="googleData" finished-at="2026-06-04T09:06:02 IST" duration-ms="0" status="PASS">
          <params>
            <param index="0">
              <value>
                <![CDATA[TestNG]]>
              </value>
            </param>
          </params>
          <reporter-output>
          </reporter-output>
        </test-method> <!-- verifyDataProvider -->
        <test-method signature="verifyDataProvider(java.lang.String)[pri:0, instance:Tests.GoogleTest@4795ded0]" started-at="2026-06-04T09:06:02 IST" name="verifyDataProvider" data-provider="googleData" finished-at="2026-06-04T09:06:02 IST" duration-ms="1" status="PASS">
          <params>
            <param index="0">
              <value>
                <![CDATA[Maven]]>
              </value>
            </param>
          </params>
          <reporter-output>
          </reporter-output>
        </test-method> <!-- verifyDataProvider -->
        <test-method signature="verifyFailure()[pri:0, instance:Tests.GoogleTest@4795ded0]" started-at="2026-06-04T09:06:02 IST" name="verifyFailure" finished-at="2026-06-04T09:06:02 IST" duration-ms="17" status="PASS">
          <reporter-output>
          </reporter-output>
        </test-method> <!-- verifyFailure -->
        <test-method signature="verifyPageSource()[pri:0, instance:Tests.GoogleTest@4795ded0]" started-at="2026-06-04T09:06:02 IST" name="verifyPageSource" finished-at="2026-06-04T09:06:02 IST" duration-ms="0" status="PASS">
          <reporter-output>
          </reporter-output>
        </test-method> <!-- verifyPageSource -->
        <test-method signature="verifyTitle()[pri:0, instance:Tests.GoogleTest@4795ded0]" started-at="2026-06-04T09:06:02 IST" name="verifyTitle" finished-at="2026-06-04T09:06:02 IST" duration-ms="12" status="PASS">
          <reporter-output>
          </reporter-output>
        </test-method> <!-- verifyTitle -->
        <test-method is-config="true" signature="tearDown()[pri:0, instance:Tests.GoogleTest@4795ded0]" started-at="2026-06-04T09:06:02 IST" name="tearDown" finished-at="2026-06-04T09:06:02 IST" duration-ms="213" status="PASS">
          <reporter-output>
          </reporter-output>
        </test-method> <!-- tearDown -->
      </class> <!-- Tests.GoogleTest -->
    </test> <!-- Regression -->
  </suite> <!-- AutomationSuite -->
</testng-results>
