<?xml version="1.0" encoding="UTF-8"?>
<!-- Generated by org.testng.reporters.JUnitXMLReporter -->
<testsuite ignored="0" hostname="DESKTOP-1SVTHNJ" failures="0" tests="7" name="Regression" time="5.998" errors="0" timestamp="2026-06-01T11:10:00 IST">
  <testcase classname="Tests.GoogleTest" name="verifyCurrentUrl" time="0.05"/>
  <testcase classname="Tests.GoogleTest" name="verifyDataProvider" time="0.0"/>
  <testcase classname="Tests.GoogleTest" name="verifyDataProvider" time="0.0"/>
  <testcase classname="Tests.GoogleTest" name="verifyDataProvider" time="0.007"/>
  <testcase classname="Tests.GoogleTest" name="verifyFailure" time="0.033"/>
  <testcase classname="Tests.GoogleTest" name="verifyPageSource" time="0.0"/>
  <testcase classname="Tests.GoogleTest" name="verifyTitle" time="0.025"/>
</testsuite> <!-- Regression -->
