<?xml version="1.0" encoding="UTF-8"?>
<!-- Generated by org.testng.reporters.JUnitXMLReporter -->
<testsuite ignored="0" hostname="DESKTOP-1SVTHNJ" failures="0" tests="7" name="Regression" time="6.8" errors="0" timestamp="2026-06-04T09:06:02 IST">
  <testcase classname="Tests.GoogleTest" name="verifyCurrentUrl" time="0.053"/>
  <testcase classname="Tests.GoogleTest" name="verifyDataProvider" time="0.001"/>
  <testcase classname="Tests.GoogleTest" name="verifyDataProvider" time="0.0"/>
  <testcase classname="Tests.GoogleTest" name="verifyDataProvider" time="0.001"/>
  <testcase classname="Tests.GoogleTest" name="verifyFailure" time="0.017"/>
  <testcase classname="Tests.GoogleTest" name="verifyPageSource" time="0.0"/>
  <testcase classname="Tests.GoogleTest" name="verifyTitle" time="0.012"/>
</testsuite> <!-- Regression -->
