<?xml version="1.0" encoding="UTF-8"?>
<testng-results ignored="0" total="1" passed="1" failed="0" skipped="0">
  <reporter-output>
  </reporter-output>
  <suite started-at="2026-06-01T20:29:18 IST" name="Default suite" finished-at="2026-06-01T20:29:21 IST" duration-ms="2634">
    <groups>
    </groups>
    <test started-at="2026-06-01T20:29:18 IST" name="Default test" finished-at="2026-06-01T20:29:21 IST" duration-ms="2634">
      <class name="APITests.APITest">
        <test-method signature="verifyGetUser()[pri:0, instance:APITests.APITest@37afeb11]" started-at="2026-06-01T20:29:18 IST" name="verifyGetUser" finished-at="2026-06-01T20:29:21 IST" duration-ms="2590" status="PASS">
          <reporter-output>
          </reporter-output>
        </test-method> <!-- verifyGetUser -->
      </class> <!-- APITests.APITest -->
    </test> <!-- Default test -->
  </suite> <!-- Default suite -->
</testng-results>
