<?xml version="1.0" encoding="UTF-8"?>
<!-- Generated by org.testng.reporters.JUnitReportReporter -->
<testsuite hostname="DESKTOP-1SVTHNJ" failures="0" tests="3" name="Runner.TestRunner" time="8.697" errors="0" timestamp="2026-06-01T11:09:02 IST" skipped="0">
  <testcase classname="Runner.TestRunner" name="runScenario" time="3.911"/>
  <system-out/>
  <testcase classname="Runner.TestRunner" name="runScenario" time="2.395"/>
  <system-out/>
  <testcase classname="Runner.TestRunner" name="runScenario" time="2.391"/>
  <system-out/>
</testsuite> <!-- Runner.TestRunner -->
