<?xml version="1.0" encoding="UTF-8"?>
<!-- Generated by org.testng.reporters.JUnitReportReporter -->
<testsuite hostname="DESKTOP-1SVTHNJ" failures="0" tests="7" name="Tests.GoogleTest" time="0.115" errors="0" timestamp="2026-06-01T11:10:00 IST" skipped="0">
  <testcase classname="Tests.GoogleTest" name="verifyDataProvider" time="0.007"/>
  <system-out/>
  <testcase classname="Tests.GoogleTest" name="verifyFailure" time="0.033"/>
  <system-out/>
  <testcase classname="Tests.GoogleTest" name="verifyDataProvider" time="0.000"/>
  <system-out/>
  <testcase classname="Tests.GoogleTest" name="verifyTitle" time="0.025"/>
  <system-out/>
  <testcase classname="Tests.GoogleTest" name="verifyPageSource" time="0.000"/>
  <system-out/>
  <testcase classname="Tests.GoogleTest" name="verifyDataProvider" time="0.000"/>
  <system-out/>
  <testcase classname="Tests.GoogleTest" name="verifyCurrentUrl" time="0.050"/>
  <system-out/>
</testsuite> <!-- Tests.GoogleTest -->
