<?xml version="1.0" encoding="UTF-8"?>
<!-- Generated by org.testng.reporters.JUnitReportReporter -->
<testsuite hostname="DESKTOP-1SVTHNJ" failures="0" tests="7" name="Tests.GoogleTest" time="0.084" errors="0" timestamp="2026-06-04T09:06:02 IST" skipped="0">
  <testcase classname="Tests.GoogleTest" name="verifyPageSource" time="0.000"/>
  <system-out/>
  <testcase classname="Tests.GoogleTest" name="verifyFailure" time="0.017"/>
  <system-out/>
  <testcase classname="Tests.GoogleTest" name="verifyDataProvider" time="0.000"/>
  <system-out/>
  <testcase classname="Tests.GoogleTest" name="verifyTitle" time="0.012"/>
  <system-out/>
  <testcase classname="Tests.GoogleTest" name="verifyDataProvider" time="0.001"/>
  <system-out/>
  <testcase classname="Tests.GoogleTest" name="verifyCurrentUrl" time="0.053"/>
  <system-out/>
  <testcase classname="Tests.GoogleTest" name="verifyDataProvider" time="0.001"/>
  <system-out/>
</testsuite> <!-- Tests.GoogleTest -->
